<?xml version="1.0" encoding="UTF-8"?>
<!-- Generated by org.testng.reporters.JUnitReportReporter -->
<testsuite hostname="LAPTOP-RERLQ593" failures="0" tests="3" name="com.sgtesting.tests.testcases.ActionClassDemo" time="29.148" errors="0" timestamp="2023-12-20T19:05:11 IST" skipped="0">
  <testcase classname="com.sgtesting.tests.testcases.ActionClassDemo" name="launchBrowser" time="4.693"/>
  <system-out/>
  <testcase classname="com.sgtesting.tests.testcases.ActionClassDemo" name="navigate" time="6.896"/>
  <system-out/>
  <testcase classname="com.sgtesting.tests.testcases.ActionClassDemo" name="mouseActions" time="17.559"/>
  <system-out/>
</testsuite> <!-- com.sgtesting.tests.testcases.ActionClassDemo -->
