<?xml version="1.0" encoding="UTF-8"?>
<!-- Generated by org.testng.reporters.JUnitReportReporter -->
<testsuite hostname="DESKTOP-68BCR7S" failures="0" tests="4" name="com.sgtesting.tests.testcases.UnitTestcasesDemo" time="0.015" errors="0" timestamp="2023-12-19T17:25:22 IST" skipped="0">
  <testcase classname="com.sgtesting.tests.testcases.UnitTestcasesDemo" name="testcase4" time="0.002"/>
  <system-out/>
  <testcase classname="com.sgtesting.tests.testcases.UnitTestcasesDemo" name="testcase1" time="0.008"/>
  <system-out/>
  <testcase classname="com.sgtesting.tests.testcases.UnitTestcasesDemo" name="testcase2" time="0.002"/>
  <system-out/>
  <testcase classname="com.sgtesting.tests.testcases.UnitTestcasesDemo" name="testcase3" time="0.003"/>
  <system-out/>
</testsuite> <!-- com.sgtesting.tests.testcases.UnitTestcasesDemo -->
