<?xml version="1.0" encoding="UTF-8"?>
<!-- Generated by org.testng.reporters.JUnitReportReporter -->
<testsuite hostname="DESKTOP-68BCR7S" failures="0" tests="3" name="com.sgtesting.parameters.Users" time="0.010" errors="0" timestamp="2023-12-07T17:43:32 IST" skipped="0">
  <testcase classname="com.sgtesting.parameters.Users" name="createUser" time="0.005"/>
  <system-out/>
  <testcase classname="com.sgtesting.parameters.Users" name="deleteUser" time="0.003"/>
  <system-out/>
  <testcase classname="com.sgtesting.parameters.Users" name="modifyUser" time="0.002"/>
  <system-out/>
</testsuite> <!-- com.sgtesting.parameters.Users -->
