<?xml version="1.0" encoding="UTF-8"?>
<!-- Generated by org.testng.reporters.JUnitReportReporter -->
<testsuite hostname="DESKTOP-68BCR7S" failures="0" tests="2" name="com.sgtesting.products.Products" time="0.002" errors="0" timestamp="2023-12-07T17:58:11 IST" skipped="0">
  <testcase classname="com.sgtesting.products.Products" name="deleteProduct" time="0.001"/>
  <system-out/>
  <testcase classname="com.sgtesting.products.Products" name="createProduct" time="0.001"/>
  <system-out/>
</testsuite> <!-- com.sgtesting.products.Products -->
