<?xml version="1.0" encoding="UTF-8"?>
<!-- Generated by org.testng.reporters.JUnitReportReporter -->
<testsuite hostname="DESKTOP-68BCR7S" failures="0" tests="2" name="com.sgtesting.summary.AnnotationsSummary" time="0.008" errors="0" timestamp="2023-12-07T18:28:21 IST" skipped="0">
  <testcase classname="com.sgtesting.summary.AnnotationsSummary" name="method1" time="0.006"/>
  <system-out/>
  <testcase classname="com.sgtesting.summary.AnnotationsSummary" name="method2" time="0.002"/>
  <system-out/>
</testsuite> <!-- com.sgtesting.summary.AnnotationsSummary -->
