<?xml version="1.0" encoding="UTF-8"?>
<!-- Generated by org.testng.reporters.JUnitReportReporter -->
<testsuite hostname="LAPTOP-RERLQ593" failures="0" tests="16" name="com.sgtesting.tests.CreateProjectScenario" time="54.162" errors="0" timestamp="2023-12-18T17:24:48 IST" skipped="0">
  <testcase classname="com.sgtesting.tests.CreateProjectScenario" name="launchBrowser" time="1.228"/>
  <system-out/>
  <testcase classname="com.sgtesting.tests.CreateProjectScenario" name="navigate" time="5.664"/>
  <system-out/>
  <testcase classname="com.sgtesting.tests.CreateProjectScenario" name="login" time="9.332"/>
  <system-out/>
  <testcase classname="com.sgtesting.tests.CreateProjectScenario" name="flyOutWindow" time="3.102"/>
  <system-out/>
  <testcase classname="com.sgtesting.tests.CreateProjectScenario" name="taskClick" time="3.431"/>
  <system-out/>
  <testcase classname="com.sgtesting.tests.CreateProjectScenario" name="AddnewTask" time="3.088"/>
  <system-out/>
  <testcase classname="com.sgtesting.tests.CreateProjectScenario" name="AddnewProject" time="3.089"/>
  <system-out/>
  <testcase classname="com.sgtesting.tests.CreateProjectScenario" name="insertdataintoProject" time="3.174"/>
  <system-out/>
  <testcase classname="com.sgtesting.tests.CreateProjectScenario" name="insertdataintocustomer" time="3.109"/>
  <system-out/>
  <testcase classname="com.sgtesting.tests.CreateProjectScenario" name="clickCreateButton" time="3.093"/>
  <system-out/>
  <testcase classname="com.sgtesting.tests.CreateProjectScenario" name="clickCustomerSettingButton" time="3.092"/>
  <system-out/>
  <testcase classname="com.sgtesting.tests.CreateProjectScenario" name="clickActionButton" time="3.077"/>
  <system-out/>
  <testcase classname="com.sgtesting.tests.CreateProjectScenario" name="clickDeleteButton" time="3.078"/>
  <system-out/>
  <testcase classname="com.sgtesting.tests.CreateProjectScenario" name="clickpermanenetDeleteButton" time="3.081"/>
  <system-out/>
  <testcase classname="com.sgtesting.tests.CreateProjectScenario" name="logout" time="3.256"/>
  <system-out/>
  <testcase classname="com.sgtesting.tests.CreateProjectScenario" name="closeApplication" time="0.268"/>
  <system-out/>
</testsuite> <!-- com.sgtesting.tests.CreateProjectScenario -->
