<?xml version="1.0" encoding="UTF-8"?>
<!-- Generated by org.testng.reporters.JUnitReportReporter -->
<testsuite hostname="LAPTOP-RERLQ593" failures="0" tests="17" name="com.sgtesting.tests.CreateCustomerAllScenario" time="60.164" errors="0" timestamp="2023-12-18T17:24:48 IST" skipped="0">
  <testcase classname="com.sgtesting.tests.CreateCustomerAllScenario" name="launchBrowser" time="1.191"/>
  <system-out/>
  <testcase classname="com.sgtesting.tests.CreateCustomerAllScenario" name="navigate" time="5.622"/>
  <system-out/>
  <testcase classname="com.sgtesting.tests.CreateCustomerAllScenario" name="login" time="9.338"/>
  <system-out/>
  <testcase classname="com.sgtesting.tests.CreateCustomerAllScenario" name="flyOutWindow" time="3.074"/>
  <system-out/>
  <testcase classname="com.sgtesting.tests.CreateCustomerAllScenario" name="taskClick" time="3.391"/>
  <system-out/>
  <testcase classname="com.sgtesting.tests.CreateCustomerAllScenario" name="AddnewTask" time="3.084"/>
  <system-out/>
  <testcase classname="com.sgtesting.tests.CreateCustomerAllScenario" name="AddnewCustomer" time="3.083"/>
  <system-out/>
  <testcase classname="com.sgtesting.tests.CreateCustomerAllScenario" name="InsertDataIntoCustomer" time="6.262"/>
  <system-out/>
  <testcase classname="com.sgtesting.tests.CreateCustomerAllScenario" name="clickCustomerButton" time="3.093"/>
  <system-out/>
  <testcase classname="com.sgtesting.tests.CreateCustomerAllScenario" name="clickCustomerSettingButton" time="3.095"/>
  <system-out/>
  <testcase classname="com.sgtesting.tests.CreateCustomerAllScenario" name="clickCustomerActiveButton" time="3.086"/>
  <system-out/>
  <testcase classname="com.sgtesting.tests.CreateCustomerAllScenario" name="clickCustomerArchivedButton" time="3.075"/>
  <system-out/>
  <testcase classname="com.sgtesting.tests.CreateCustomerAllScenario" name="clickActionButton" time="3.077"/>
  <system-out/>
  <testcase classname="com.sgtesting.tests.CreateCustomerAllScenario" name="clickDeleteButton" time="3.082"/>
  <system-out/>
  <testcase classname="com.sgtesting.tests.CreateCustomerAllScenario" name="clickpermanenetDeleteButton" time="3.078"/>
  <system-out/>
  <testcase classname="com.sgtesting.tests.CreateCustomerAllScenario" name="logout" time="3.238"/>
  <system-out/>
  <testcase classname="com.sgtesting.tests.CreateCustomerAllScenario" name="closeApplication" time="0.295"/>
  <system-out/>
</testsuite> <!-- com.sgtesting.tests.CreateCustomerAllScenario -->
