<?xml version="1.0" encoding="UTF-8"?>
<!-- Generated by org.testng.reporters.JUnitReportReporter -->
<testsuite hostname="LAPTOP-RERLQ593" failures="0" tests="20" name="com.sgtesting.tests.CreateTaskScenario" time="66.533" errors="0" timestamp="2023-12-18T17:24:48 IST" skipped="0">
  <testcase classname="com.sgtesting.tests.CreateTaskScenario" name="launchBrowser" time="1.228"/>
  <system-out/>
  <testcase classname="com.sgtesting.tests.CreateTaskScenario" name="navigate" time="5.637"/>
  <system-out/>
  <testcase classname="com.sgtesting.tests.CreateTaskScenario" name="login" time="9.337"/>
  <system-out/>
  <testcase classname="com.sgtesting.tests.CreateTaskScenario" name="flyOutWindow" time="3.088"/>
  <system-out/>
  <testcase classname="com.sgtesting.tests.CreateTaskScenario" name="taskClick" time="3.405"/>
  <system-out/>
  <testcase classname="com.sgtesting.tests.CreateTaskScenario" name="AddnewTask" time="3.099"/>
  <system-out/>
  <testcase classname="com.sgtesting.tests.CreateTaskScenario" name="AddnewProject" time="3.079"/>
  <system-out/>
  <testcase classname="com.sgtesting.tests.CreateTaskScenario" name="insertdataintoProject" time="3.179"/>
  <system-out/>
  <testcase classname="com.sgtesting.tests.CreateTaskScenario" name="insertdataintocustomer" time="3.114"/>
  <system-out/>
  <testcase classname="com.sgtesting.tests.CreateTaskScenario" name="clickCreateButton" time="3.095"/>
  <system-out/>
  <testcase classname="com.sgtesting.tests.CreateTaskScenario" name="clickCreatetaskButton" time="3.086"/>
  <system-out/>
  <testcase classname="com.sgtesting.tests.CreateTaskScenario" name="clickCreatenewtaskButton" time="3.085"/>
  <system-out/>
  <testcase classname="com.sgtesting.tests.CreateTaskScenario" name="insretValueToTask" time="3.116"/>
  <system-out/>
  <testcase classname="com.sgtesting.tests.CreateTaskScenario" name="clickTaskButton" time="3.093"/>
  <system-out/>
  <testcase classname="com.sgtesting.tests.CreateTaskScenario" name="clickCustomerSettingButton" time="3.099"/>
  <system-out/>
  <testcase classname="com.sgtesting.tests.CreateTaskScenario" name="clickActionButton" time="3.102"/>
  <system-out/>
  <testcase classname="com.sgtesting.tests.CreateTaskScenario" name="clickDeleteButton" time="3.081"/>
  <system-out/>
  <testcase classname="com.sgtesting.tests.CreateTaskScenario" name="clickpermanenetDeleteButton" time="3.080"/>
  <system-out/>
  <testcase classname="com.sgtesting.tests.CreateTaskScenario" name="logout" time="3.266"/>
  <system-out/>
  <testcase classname="com.sgtesting.tests.CreateTaskScenario" name="closeApplication" time="0.264"/>
  <system-out/>
</testsuite> <!-- com.sgtesting.tests.CreateTaskScenario -->
