<?xml version="1.0" encoding="UTF-8"?>
<!-- Generated by org.testng.reporters.JUnitReportReporter -->
<testsuite hostname="LAPTOP-RERLQ593" failures="0" tests="18" name="com.sgtesting.tests.CreateProjectAllScenario" time="60.247" errors="0" timestamp="2023-12-18T17:24:48 IST" skipped="0">
  <testcase classname="com.sgtesting.tests.CreateProjectAllScenario" name="launchBrowser" time="1.229"/>
  <system-out/>
  <testcase classname="com.sgtesting.tests.CreateProjectAllScenario" name="navigate" time="5.617"/>
  <system-out/>
  <testcase classname="com.sgtesting.tests.CreateProjectAllScenario" name="login" time="9.339"/>
  <system-out/>
  <testcase classname="com.sgtesting.tests.CreateProjectAllScenario" name="flyOutWindow" time="3.077"/>
  <system-out/>
  <testcase classname="com.sgtesting.tests.CreateProjectAllScenario" name="taskClick" time="3.402"/>
  <system-out/>
  <testcase classname="com.sgtesting.tests.CreateProjectAllScenario" name="AddnewTask" time="3.082"/>
  <system-out/>
  <testcase classname="com.sgtesting.tests.CreateProjectAllScenario" name="AddnewProject" time="3.084"/>
  <system-out/>
  <testcase classname="com.sgtesting.tests.CreateProjectAllScenario" name="insertdataintoProject" time="3.162"/>
  <system-out/>
  <testcase classname="com.sgtesting.tests.CreateProjectAllScenario" name="insertdataintocustomer" time="3.111"/>
  <system-out/>
  <testcase classname="com.sgtesting.tests.CreateProjectAllScenario" name="clickCreateButton" time="3.093"/>
  <system-out/>
  <testcase classname="com.sgtesting.tests.CreateProjectAllScenario" name="clickCustomerSettingButton" time="3.090"/>
  <system-out/>
  <testcase classname="com.sgtesting.tests.CreateProjectAllScenario" name="clickCustomerActiveButton" time="3.084"/>
  <system-out/>
  <testcase classname="com.sgtesting.tests.CreateProjectAllScenario" name="clickCustomerArchivedButton" time="3.085"/>
  <system-out/>
  <testcase classname="com.sgtesting.tests.CreateProjectAllScenario" name="clickActionButton" time="3.087"/>
  <system-out/>
  <testcase classname="com.sgtesting.tests.CreateProjectAllScenario" name="clickDeleteButton" time="3.078"/>
  <system-out/>
  <testcase classname="com.sgtesting.tests.CreateProjectAllScenario" name="clickpermanenetDeleteButton" time="3.069"/>
  <system-out/>
  <testcase classname="com.sgtesting.tests.CreateProjectAllScenario" name="logout" time="3.264"/>
  <system-out/>
  <testcase classname="com.sgtesting.tests.CreateProjectAllScenario" name="closeApplication" time="0.294"/>
  <system-out/>
</testsuite> <!-- com.sgtesting.tests.CreateProjectAllScenario -->
