<?xml version="1.0" encoding="UTF-8"?>
<!-- Generated by org.testng.reporters.JUnitReportReporter -->
<testsuite hostname="LAPTOP-RERLQ593" failures="0" tests="15" name="com.sgtesting.tests.CreateCustomerScenario" time="54.123" errors="0" timestamp="2023-12-18T17:24:48 IST" skipped="0">
  <testcase classname="com.sgtesting.tests.CreateCustomerScenario" name="launchBrowser" time="1.232"/>
  <system-out/>
  <testcase classname="com.sgtesting.tests.CreateCustomerScenario" name="navigate" time="5.613"/>
  <system-out/>
  <testcase classname="com.sgtesting.tests.CreateCustomerScenario" name="login" time="9.337"/>
  <system-out/>
  <testcase classname="com.sgtesting.tests.CreateCustomerScenario" name="flyOutWindow" time="3.081"/>
  <system-out/>
  <testcase classname="com.sgtesting.tests.CreateCustomerScenario" name="taskClick" time="3.402"/>
  <system-out/>
  <testcase classname="com.sgtesting.tests.CreateCustomerScenario" name="AddnewTask" time="3.094"/>
  <system-out/>
  <testcase classname="com.sgtesting.tests.CreateCustomerScenario" name="AddnewCustomer" time="3.095"/>
  <system-out/>
  <testcase classname="com.sgtesting.tests.CreateCustomerScenario" name="InsertDataIntoCustomer" time="6.261"/>
  <system-out/>
  <testcase classname="com.sgtesting.tests.CreateCustomerScenario" name="clickCustomerButton" time="3.087"/>
  <system-out/>
  <testcase classname="com.sgtesting.tests.CreateCustomerScenario" name="clickCustomerSettingButton" time="3.086"/>
  <system-out/>
  <testcase classname="com.sgtesting.tests.CreateCustomerScenario" name="clickActionButton" time="3.087"/>
  <system-out/>
  <testcase classname="com.sgtesting.tests.CreateCustomerScenario" name="clickDeleteButton" time="3.085"/>
  <system-out/>
  <testcase classname="com.sgtesting.tests.CreateCustomerScenario" name="clickpermanenetDeleteButton" time="3.084"/>
  <system-out/>
  <testcase classname="com.sgtesting.tests.CreateCustomerScenario" name="logout" time="3.282"/>
  <system-out/>
  <testcase classname="com.sgtesting.tests.CreateCustomerScenario" name="closeApplication" time="0.297"/>
  <system-out/>
</testsuite> <!-- com.sgtesting.tests.CreateCustomerScenario -->
