<?xml version="1.0" encoding="UTF-8"?>
<!-- Generated by org.testng.reporters.JUnitReportReporter -->
<testsuite hostname="LAPTOP-RERLQ593" failures="0" tests="6" name="com.sgtesting.tests.LoginLogoutInTestNg" time="23.707" errors="0" timestamp="2023-12-18T17:24:48 IST" skipped="0">
  <testcase classname="com.sgtesting.tests.LoginLogoutInTestNg" name="launchBrowser" time="2.086"/>
  <system-out/>
  <testcase classname="com.sgtesting.tests.LoginLogoutInTestNg" name="navigate" time="5.652"/>
  <system-out/>
  <testcase classname="com.sgtesting.tests.LoginLogoutInTestNg" name="login" time="9.350"/>
  <system-out/>
  <testcase classname="com.sgtesting.tests.LoginLogoutInTestNg" name="flyOutWindow" time="3.077"/>
  <system-out/>
  <testcase classname="com.sgtesting.tests.LoginLogoutInTestNg" name="logout" time="3.247"/>
  <system-out/>
  <testcase classname="com.sgtesting.tests.LoginLogoutInTestNg" name="closeApplication" time="0.295"/>
  <system-out/>
</testsuite> <!-- com.sgtesting.tests.LoginLogoutInTestNg -->
