<?xml version="1.0" encoding="UTF-8"?>
<!-- Generated by org.testng.reporters.JUnitReportReporter -->
<testsuite hostname="LAPTOP-RERLQ593" failures="0" tests="81" name="com.sgtesting.tests.Assignment9Scenario" time="283.280" errors="0" timestamp="2023-12-18T17:24:48 IST" skipped="0">
  <testcase classname="com.sgtesting.tests.Assignment9Scenario" name="launchBrowser" time="1.185"/>
  <system-out/>
  <testcase classname="com.sgtesting.tests.Assignment9Scenario" name="navigate" time="5.602"/>
  <system-out/>
  <testcase classname="com.sgtesting.tests.Assignment9Scenario" name="login" time="9.331"/>
  <system-out/>
  <testcase classname="com.sgtesting.tests.Assignment9Scenario" name="flyOutWindow" time="3.079"/>
  <system-out/>
  <testcase classname="com.sgtesting.tests.Assignment9Scenario" name="createUser1" time="3.982"/>
  <system-out/>
  <testcase classname="com.sgtesting.tests.Assignment9Scenario" name="Adduser1" time="3.099"/>
  <system-out/>
  <testcase classname="com.sgtesting.tests.Assignment9Scenario" name="FN1" time="0.099"/>
  <system-out/>
  <testcase classname="com.sgtesting.tests.Assignment9Scenario" name="LN1" time="0.125"/>
  <system-out/>
  <testcase classname="com.sgtesting.tests.Assignment9Scenario" name="Email1" time="0.154"/>
  <system-out/>
  <testcase classname="com.sgtesting.tests.Assignment9Scenario" name="username1" time="0.125"/>
  <system-out/>
  <testcase classname="com.sgtesting.tests.Assignment9Scenario" name="password1" time="0.131"/>
  <system-out/>
  <testcase classname="com.sgtesting.tests.Assignment9Scenario" name="passwordcopy1" time="0.129"/>
  <system-out/>
  <testcase classname="com.sgtesting.tests.Assignment9Scenario" name="createuser1" time="3.095"/>
  <system-out/>
  <testcase classname="com.sgtesting.tests.Assignment9Scenario" name="logoutAdmin" time="3.236"/>
  <system-out/>
  <testcase classname="com.sgtesting.tests.Assignment9Scenario" name="loginuser1" time="9.278"/>
  <system-out/>
  <testcase classname="com.sgtesting.tests.Assignment9Scenario" name="startExploreuser1" time="3.090"/>
  <system-out/>
  <testcase classname="com.sgtesting.tests.Assignment9Scenario" name="createUser2" time="3.358"/>
  <system-out/>
  <testcase classname="com.sgtesting.tests.Assignment9Scenario" name="Adduser2" time="3.075"/>
  <system-out/>
  <testcase classname="com.sgtesting.tests.Assignment9Scenario" name="FN2" time="0.081"/>
  <system-out/>
  <testcase classname="com.sgtesting.tests.Assignment9Scenario" name="LN2" time="0.114"/>
  <system-out/>
  <testcase classname="com.sgtesting.tests.Assignment9Scenario" name="Email2" time="0.143"/>
  <system-out/>
  <testcase classname="com.sgtesting.tests.Assignment9Scenario" name="username2" time="0.109"/>
  <system-out/>
  <testcase classname="com.sgtesting.tests.Assignment9Scenario" name="password2" time="0.116"/>
  <system-out/>
  <testcase classname="com.sgtesting.tests.Assignment9Scenario" name="passwordcopy2" time="0.112"/>
  <system-out/>
  <testcase classname="com.sgtesting.tests.Assignment9Scenario" name="createuser2" time="3.081"/>
  <system-out/>
  <testcase classname="com.sgtesting.tests.Assignment9Scenario" name="logoutuser1" time="3.245"/>
  <system-out/>
  <testcase classname="com.sgtesting.tests.Assignment9Scenario" name="loginuser2" time="9.270"/>
  <system-out/>
  <testcase classname="com.sgtesting.tests.Assignment9Scenario" name="startExploreuser2" time="3.085"/>
  <system-out/>
  <testcase classname="com.sgtesting.tests.Assignment9Scenario" name="createUser3" time="3.340"/>
  <system-out/>
  <testcase classname="com.sgtesting.tests.Assignment9Scenario" name="Adduser3" time="3.092"/>
  <system-out/>
  <testcase classname="com.sgtesting.tests.Assignment9Scenario" name="FN3" time="0.085"/>
  <system-out/>
  <testcase classname="com.sgtesting.tests.Assignment9Scenario" name="LN3" time="0.114"/>
  <system-out/>
  <testcase classname="com.sgtesting.tests.Assignment9Scenario" name="Email3" time="0.147"/>
  <system-out/>
  <testcase classname="com.sgtesting.tests.Assignment9Scenario" name="username3" time="0.115"/>
  <system-out/>
  <testcase classname="com.sgtesting.tests.Assignment9Scenario" name="password3" time="0.123"/>
  <system-out/>
  <testcase classname="com.sgtesting.tests.Assignment9Scenario" name="passwordcopy3" time="0.125"/>
  <system-out/>
  <testcase classname="com.sgtesting.tests.Assignment9Scenario" name="createuser3" time="3.075"/>
  <system-out/>
  <testcase classname="com.sgtesting.tests.Assignment9Scenario" name="logoutuser2" time="3.209"/>
  <system-out/>
  <testcase classname="com.sgtesting.tests.Assignment9Scenario" name="loginuser3" time="9.279"/>
  <system-out/>
  <testcase classname="com.sgtesting.tests.Assignment9Scenario" name="startExploreuser3" time="3.074"/>
  <system-out/>
  <testcase classname="com.sgtesting.tests.Assignment9Scenario" name="logoutuser3" time="3.200"/>
  <system-out/>
  <testcase classname="com.sgtesting.tests.Assignment9Scenario" name="loginuser2ForModifyUser3" time="9.261"/>
  <system-out/>
  <testcase classname="com.sgtesting.tests.Assignment9Scenario" name="adminuser" time="3.354"/>
  <system-out/>
  <testcase classname="com.sgtesting.tests.Assignment9Scenario" name="modify3" time="3.096"/>
  <system-out/>
  <testcase classname="com.sgtesting.tests.Assignment9Scenario" name="modify3password" time="0.250"/>
  <system-out/>
  <testcase classname="com.sgtesting.tests.Assignment9Scenario" name="modifycreateuser1" time="3.094"/>
  <system-out/>
  <testcase classname="com.sgtesting.tests.Assignment9Scenario" name="logoutuser2AfterModify" time="3.231"/>
  <system-out/>
  <testcase classname="com.sgtesting.tests.Assignment9Scenario" name="loginuser3AfterModify" time="9.285"/>
  <system-out/>
  <testcase classname="com.sgtesting.tests.Assignment9Scenario" name="logoutuser3AfterModify" time="3.205"/>
  <system-out/>
  <testcase classname="com.sgtesting.tests.Assignment9Scenario" name="loginuser1ForModifyUser2" time="9.284"/>
  <system-out/>
  <testcase classname="com.sgtesting.tests.Assignment9Scenario" name="adminuser1" time="3.364"/>
  <system-out/>
  <testcase classname="com.sgtesting.tests.Assignment9Scenario" name="modify2" time="3.175"/>
  <system-out/>
  <testcase classname="com.sgtesting.tests.Assignment9Scenario" name="modify2password" time="0.238"/>
  <system-out/>
  <testcase classname="com.sgtesting.tests.Assignment9Scenario" name="modifycreateuser2" time="3.070"/>
  <system-out/>
  <testcase classname="com.sgtesting.tests.Assignment9Scenario" name="logoutuser1AfterModify" time="3.244"/>
  <system-out/>
  <testcase classname="com.sgtesting.tests.Assignment9Scenario" name="loginuser2AfterModify" time="9.266"/>
  <system-out/>
  <testcase classname="com.sgtesting.tests.Assignment9Scenario" name="logoutuser2AfternextModify" time="3.200"/>
  <system-out/>
  <testcase classname="com.sgtesting.tests.Assignment9Scenario" name="loginAsAdmin" time="9.256"/>
  <system-out/>
  <testcase classname="com.sgtesting.tests.Assignment9Scenario" name="adminUserClick" time="3.360"/>
  <system-out/>
  <testcase classname="com.sgtesting.tests.Assignment9Scenario" name="modify1" time="3.112"/>
  <system-out/>
  <testcase classname="com.sgtesting.tests.Assignment9Scenario" name="modify1password" time="0.247"/>
  <system-out/>
  <testcase classname="com.sgtesting.tests.Assignment9Scenario" name="modifycreateuser1CLickButton" time="3.081"/>
  <system-out/>
  <testcase classname="com.sgtesting.tests.Assignment9Scenario" name="logoutadmin" time="3.231"/>
  <system-out/>
  <testcase classname="com.sgtesting.tests.Assignment9Scenario" name="loginuser1AfterModify" time="9.276"/>
  <system-out/>
  <testcase classname="com.sgtesting.tests.Assignment9Scenario" name="logoutuser1AfternextModify" time="3.198"/>
  <system-out/>
  <testcase classname="com.sgtesting.tests.Assignment9Scenario" name="loginuser2last" time="9.266"/>
  <system-out/>
  <testcase classname="com.sgtesting.tests.Assignment9Scenario" name="adminUser2Click" time="3.371"/>
  <system-out/>
  <testcase classname="com.sgtesting.tests.Assignment9Scenario" name="modify3delete" time="3.082"/>
  <system-out/>
  <testcase classname="com.sgtesting.tests.Assignment9Scenario" name="user3delete" time="7.097"/>
  <system-out/>
  <testcase classname="com.sgtesting.tests.Assignment9Scenario" name="logoutuser1last" time="3.211"/>
  <system-out/>
  <testcase classname="com.sgtesting.tests.Assignment9Scenario" name="loginuser1last" time="9.283"/>
  <system-out/>
  <testcase classname="com.sgtesting.tests.Assignment9Scenario" name="adminUser1Click" time="3.357"/>
  <system-out/>
  <testcase classname="com.sgtesting.tests.Assignment9Scenario" name="modify2delete" time="3.087"/>
  <system-out/>
  <testcase classname="com.sgtesting.tests.Assignment9Scenario" name="user2delete" time="7.079"/>
  <system-out/>
  <testcase classname="com.sgtesting.tests.Assignment9Scenario" name="logoutuser1nextlast" time="3.225"/>
  <system-out/>
  <testcase classname="com.sgtesting.tests.Assignment9Scenario" name="loginAdminlast" time="9.259"/>
  <system-out/>
  <testcase classname="com.sgtesting.tests.Assignment9Scenario" name="adminClick" time="3.346"/>
  <system-out/>
  <testcase classname="com.sgtesting.tests.Assignment9Scenario" name="modify1delete" time="3.086"/>
  <system-out/>
  <testcase classname="com.sgtesting.tests.Assignment9Scenario" name="user1delete" time="7.096"/>
  <system-out/>
  <testcase classname="com.sgtesting.tests.Assignment9Scenario" name="logoutadminlast" time="3.236"/>
  <system-out/>
  <testcase classname="com.sgtesting.tests.Assignment9Scenario" name="closeApplication" time="0.314"/>
  <system-out/>
</testsuite> <!-- com.sgtesting.tests.Assignment9Scenario -->
