<?xml version="1.0" encoding="UTF-8"?>
<!-- Generated by org.testng.reporters.JUnitReportReporter -->
<testsuite hostname="LAPTOP-RERLQ593" failures="0" tests="67" name="com.sgtesting.tests.Assignment8Scenario" time="214.161" errors="0" timestamp="2023-12-18T17:24:48 IST" skipped="0">
  <testcase classname="com.sgtesting.tests.Assignment8Scenario" name="launchBrowser" time="1.211"/>
  <system-out/>
  <testcase classname="com.sgtesting.tests.Assignment8Scenario" name="navigate" time="6.866"/>
  <system-out/>
  <testcase classname="com.sgtesting.tests.Assignment8Scenario" name="login" time="9.337"/>
  <system-out/>
  <testcase classname="com.sgtesting.tests.Assignment8Scenario" name="flyOutWindow" time="3.076"/>
  <system-out/>
  <testcase classname="com.sgtesting.tests.Assignment8Scenario" name="createUser" time="3.498"/>
  <system-out/>
  <testcase classname="com.sgtesting.tests.Assignment8Scenario" name="Adduser" time="3.091"/>
  <system-out/>
  <testcase classname="com.sgtesting.tests.Assignment8Scenario" name="FN" time="0.098"/>
  <system-out/>
  <testcase classname="com.sgtesting.tests.Assignment8Scenario" name="LN" time="0.128"/>
  <system-out/>
  <testcase classname="com.sgtesting.tests.Assignment8Scenario" name="Email" time="0.160"/>
  <system-out/>
  <testcase classname="com.sgtesting.tests.Assignment8Scenario" name="username" time="0.126"/>
  <system-out/>
  <testcase classname="com.sgtesting.tests.Assignment8Scenario" name="password" time="0.128"/>
  <system-out/>
  <testcase classname="com.sgtesting.tests.Assignment8Scenario" name="passwordcopy" time="0.140"/>
  <system-out/>
  <testcase classname="com.sgtesting.tests.Assignment8Scenario" name="createuser" time="3.086"/>
  <system-out/>
  <testcase classname="com.sgtesting.tests.Assignment8Scenario" name="Adduser2" time="3.082"/>
  <system-out/>
  <testcase classname="com.sgtesting.tests.Assignment8Scenario" name="FN2" time="0.082"/>
  <system-out/>
  <testcase classname="com.sgtesting.tests.Assignment8Scenario" name="LN2" time="0.114"/>
  <system-out/>
  <testcase classname="com.sgtesting.tests.Assignment8Scenario" name="Email2" time="0.144"/>
  <system-out/>
  <testcase classname="com.sgtesting.tests.Assignment8Scenario" name="username2" time="0.112"/>
  <system-out/>
  <testcase classname="com.sgtesting.tests.Assignment8Scenario" name="password2" time="0.115"/>
  <system-out/>
  <testcase classname="com.sgtesting.tests.Assignment8Scenario" name="passwordcopy2" time="0.118"/>
  <system-out/>
  <testcase classname="com.sgtesting.tests.Assignment8Scenario" name="createuser3" time="3.081"/>
  <system-out/>
  <testcase classname="com.sgtesting.tests.Assignment8Scenario" name="Adduser3" time="3.083"/>
  <system-out/>
  <testcase classname="com.sgtesting.tests.Assignment8Scenario" name="FN3" time="0.088"/>
  <system-out/>
  <testcase classname="com.sgtesting.tests.Assignment8Scenario" name="LN3" time="0.113"/>
  <system-out/>
  <testcase classname="com.sgtesting.tests.Assignment8Scenario" name="Email3" time="0.153"/>
  <system-out/>
  <testcase classname="com.sgtesting.tests.Assignment8Scenario" name="username3" time="0.119"/>
  <system-out/>
  <testcase classname="com.sgtesting.tests.Assignment8Scenario" name="password3" time="0.120"/>
  <system-out/>
  <testcase classname="com.sgtesting.tests.Assignment8Scenario" name="passwordcopy3" time="0.125"/>
  <system-out/>
  <testcase classname="com.sgtesting.tests.Assignment8Scenario" name="createuser2" time="3.074"/>
  <system-out/>
  <testcase classname="com.sgtesting.tests.Assignment8Scenario" name="logout" time="3.296"/>
  <system-out/>
  <testcase classname="com.sgtesting.tests.Assignment8Scenario" name="loginuser1" time="9.294"/>
  <system-out/>
  <testcase classname="com.sgtesting.tests.Assignment8Scenario" name="startExploreuser1" time="3.092"/>
  <system-out/>
  <testcase classname="com.sgtesting.tests.Assignment8Scenario" name="logoutuser1" time="3.208"/>
  <system-out/>
  <testcase classname="com.sgtesting.tests.Assignment8Scenario" name="loginuser2" time="9.272"/>
  <system-out/>
  <testcase classname="com.sgtesting.tests.Assignment8Scenario" name="startExploreuser2" time="3.069"/>
  <system-out/>
  <testcase classname="com.sgtesting.tests.Assignment8Scenario" name="logoutuser2" time="3.250"/>
  <system-out/>
  <testcase classname="com.sgtesting.tests.Assignment8Scenario" name="loginuser3" time="9.283"/>
  <system-out/>
  <testcase classname="com.sgtesting.tests.Assignment8Scenario" name="startExploreuser3" time="3.085"/>
  <system-out/>
  <testcase classname="com.sgtesting.tests.Assignment8Scenario" name="logoutuser3" time="3.203"/>
  <system-out/>
  <testcase classname="com.sgtesting.tests.Assignment8Scenario" name="loginAsAdmin" time="9.275"/>
  <system-out/>
  <testcase classname="com.sgtesting.tests.Assignment8Scenario" name="adminuser" time="3.431"/>
  <system-out/>
  <testcase classname="com.sgtesting.tests.Assignment8Scenario" name="modify1" time="3.110"/>
  <system-out/>
  <testcase classname="com.sgtesting.tests.Assignment8Scenario" name="modify1password" time="0.246"/>
  <system-out/>
  <testcase classname="com.sgtesting.tests.Assignment8Scenario" name="modifycreateuser1" time="3.097"/>
  <system-out/>
  <testcase classname="com.sgtesting.tests.Assignment8Scenario" name="modify2" time="3.086"/>
  <system-out/>
  <testcase classname="com.sgtesting.tests.Assignment8Scenario" name="modify2password" time="0.263"/>
  <system-out/>
  <testcase classname="com.sgtesting.tests.Assignment8Scenario" name="modifycreateuser2" time="3.079"/>
  <system-out/>
  <testcase classname="com.sgtesting.tests.Assignment8Scenario" name="modify3" time="3.094"/>
  <system-out/>
  <testcase classname="com.sgtesting.tests.Assignment8Scenario" name="modify3password" time="0.272"/>
  <system-out/>
  <testcase classname="com.sgtesting.tests.Assignment8Scenario" name="modifycreateuser3" time="3.079"/>
  <system-out/>
  <testcase classname="com.sgtesting.tests.Assignment8Scenario" name="modifylogoutadmin" time="3.249"/>
  <system-out/>
  <testcase classname="com.sgtesting.tests.Assignment8Scenario" name="modifyloginuser1" time="9.280"/>
  <system-out/>
  <testcase classname="com.sgtesting.tests.Assignment8Scenario" name="modifylogoutuser1" time="3.200"/>
  <system-out/>
  <testcase classname="com.sgtesting.tests.Assignment8Scenario" name="modifyloginuser2" time="9.258"/>
  <system-out/>
  <testcase classname="com.sgtesting.tests.Assignment8Scenario" name="modifylogoutuser2" time="3.190"/>
  <system-out/>
  <testcase classname="com.sgtesting.tests.Assignment8Scenario" name="modifyloginuser3" time="9.287"/>
  <system-out/>
  <testcase classname="com.sgtesting.tests.Assignment8Scenario" name="modifylogoutuser3" time="3.187"/>
  <system-out/>
  <testcase classname="com.sgtesting.tests.Assignment8Scenario" name="Adminlogin" time="9.258"/>
  <system-out/>
  <testcase classname="com.sgtesting.tests.Assignment8Scenario" name="modifycreateUser" time="3.373"/>
  <system-out/>
  <testcase classname="com.sgtesting.tests.Assignment8Scenario" name="modify1delete" time="3.098"/>
  <system-out/>
  <testcase classname="com.sgtesting.tests.Assignment8Scenario" name="user1delete" time="7.096"/>
  <system-out/>
  <testcase classname="com.sgtesting.tests.Assignment8Scenario" name="modify2delete" time="3.090"/>
  <system-out/>
  <testcase classname="com.sgtesting.tests.Assignment8Scenario" name="user2delete" time="7.085"/>
  <system-out/>
  <testcase classname="com.sgtesting.tests.Assignment8Scenario" name="modify3delete" time="3.084"/>
  <system-out/>
  <testcase classname="com.sgtesting.tests.Assignment8Scenario" name="user3delete" time="7.096"/>
  <system-out/>
  <testcase classname="com.sgtesting.tests.Assignment8Scenario" name="logoutlast" time="3.237"/>
  <system-out/>
  <testcase classname="com.sgtesting.tests.Assignment8Scenario" name="closeApplication" time="0.341"/>
  <system-out/>
</testsuite> <!-- com.sgtesting.tests.Assignment8Scenario -->
