<?xml version="1.0" encoding="UTF-8"?>
<!-- Generated by org.testng.reporters.JUnitReportReporter -->
<testsuite hostname="LAPTOP-RERLQ593" failures="0" tests="20" name="com.sgtesting.tests.CreateTask" time="65.741" errors="0" timestamp="2023-12-17T13:37:14 IST" skipped="0">
  <testcase classname="com.sgtesting.tests.CreateTask" name="launchBrowser" time="1.570"/>
  <system-out/>
  <testcase classname="com.sgtesting.tests.CreateTask" name="navigate" time="5.503"/>
  <system-out/>
  <testcase classname="com.sgtesting.tests.CreateTask" name="login" time="9.252"/>
  <system-out/>
  <testcase classname="com.sgtesting.tests.CreateTask" name="flyOutWindow" time="3.072"/>
  <system-out/>
  <testcase classname="com.sgtesting.tests.CreateTask" name="taskClick" time="3.214"/>
  <system-out/>
  <testcase classname="com.sgtesting.tests.CreateTask" name="AddnewTask" time="3.060"/>
  <system-out/>
  <testcase classname="com.sgtesting.tests.CreateTask" name="AddnewProject" time="3.054"/>
  <system-out/>
  <testcase classname="com.sgtesting.tests.CreateTask" name="insertdataintoProject" time="3.113"/>
  <system-out/>
  <testcase classname="com.sgtesting.tests.CreateTask" name="insertdataintocustomer" time="3.079"/>
  <system-out/>
  <testcase classname="com.sgtesting.tests.CreateTask" name="clickCreateButton" time="3.063"/>
  <system-out/>
  <testcase classname="com.sgtesting.tests.CreateTask" name="clickCreatetaskButton" time="3.051"/>
  <system-out/>
  <testcase classname="com.sgtesting.tests.CreateTask" name="clickCreatenewtaskButton" time="3.056"/>
  <system-out/>
  <testcase classname="com.sgtesting.tests.CreateTask" name="insretValueToTask" time="3.079"/>
  <system-out/>
  <testcase classname="com.sgtesting.tests.CreateTask" name="clickTaskButton" time="3.058"/>
  <system-out/>
  <testcase classname="com.sgtesting.tests.CreateTask" name="clickCustomerSettingButton" time="3.062"/>
  <system-out/>
  <testcase classname="com.sgtesting.tests.CreateTask" name="clickActionButton" time="3.055"/>
  <system-out/>
  <testcase classname="com.sgtesting.tests.CreateTask" name="clickDeleteButton" time="3.054"/>
  <system-out/>
  <testcase classname="com.sgtesting.tests.CreateTask" name="clickpermanenetDeleteButton" time="3.057"/>
  <system-out/>
  <testcase classname="com.sgtesting.tests.CreateTask" name="logout" time="3.147"/>
  <system-out/>
  <testcase classname="com.sgtesting.tests.CreateTask" name="closeApplication" time="0.142"/>
  <system-out/>
</testsuite> <!-- com.sgtesting.tests.CreateTask -->
