<?xml version="1.0" encoding="UTF-8"?>
<!-- Generated by org.testng.reporters.JUnitReportReporter -->
<testsuite hostname="LAPTOP-RERLQ593" failures="0" tests="20" name="com.sgtesting.tests.CreateUserScenario" time="56.113" errors="0" timestamp="2023-12-18T17:24:48 IST" skipped="0">
  <testcase classname="com.sgtesting.tests.CreateUserScenario" name="launchBrowser" time="1.236"/>
  <system-out/>
  <testcase classname="com.sgtesting.tests.CreateUserScenario" name="navigate" time="5.597"/>
  <system-out/>
  <testcase classname="com.sgtesting.tests.CreateUserScenario" name="login" time="9.395"/>
  <system-out/>
  <testcase classname="com.sgtesting.tests.CreateUserScenario" name="flyOutWindow" time="3.088"/>
  <system-out/>
  <testcase classname="com.sgtesting.tests.CreateUserScenario" name="createUser" time="3.560"/>
  <system-out/>
  <testcase classname="com.sgtesting.tests.CreateUserScenario" name="Adduser" time="3.106"/>
  <system-out/>
  <testcase classname="com.sgtesting.tests.CreateUserScenario" name="FN" time="0.116"/>
  <system-out/>
  <testcase classname="com.sgtesting.tests.CreateUserScenario" name="LN" time="0.136"/>
  <system-out/>
  <testcase classname="com.sgtesting.tests.CreateUserScenario" name="Email" time="0.145"/>
  <system-out/>
  <testcase classname="com.sgtesting.tests.CreateUserScenario" name="username" time="0.110"/>
  <system-out/>
  <testcase classname="com.sgtesting.tests.CreateUserScenario" name="password" time="0.132"/>
  <system-out/>
  <testcase classname="com.sgtesting.tests.CreateUserScenario" name="passwordcopy" time="0.129"/>
  <system-out/>
  <testcase classname="com.sgtesting.tests.CreateUserScenario" name="createuser" time="3.099"/>
  <system-out/>
  <testcase classname="com.sgtesting.tests.CreateUserScenario" name="modifyUserdata" time="3.108"/>
  <system-out/>
  <testcase classname="com.sgtesting.tests.CreateUserScenario" name="modifyData" time="6.228"/>
  <system-out/>
  <testcase classname="com.sgtesting.tests.CreateUserScenario" name="modifycreateuser" time="3.112"/>
  <system-out/>
  <testcase classname="com.sgtesting.tests.CreateUserScenario" name="userForOpen" time="3.095"/>
  <system-out/>
  <testcase classname="com.sgtesting.tests.CreateUserScenario" name="userdelete" time="7.115"/>
  <system-out/>
  <testcase classname="com.sgtesting.tests.CreateUserScenario" name="logout" time="3.250"/>
  <system-out/>
  <testcase classname="com.sgtesting.tests.CreateUserScenario" name="closeApplication" time="0.356"/>
  <system-out/>
</testsuite> <!-- com.sgtesting.tests.CreateUserScenario -->
