<?xml version="1.0" encoding="UTF-8"?>
<!-- Generated by org.testng.reporters.JUnitReportReporter -->
<testsuite hostname="LAPTOP-RERLQ593" failures="0" tests="8" name="com.sgtesting.tests.CreateCustomerAndDeleteCustomerScanario" time="58.183" errors="0" timestamp="2023-12-18T17:44:50 IST" skipped="0">
  <testcase classname="com.sgtesting.tests.CreateCustomerAndDeleteCustomerScanario" name="launchBrowser" time="1.226"/>
  <system-out/>
  <testcase classname="com.sgtesting.tests.CreateCustomerAndDeleteCustomerScanario" name="navigateBrowser" time="0.682"/>
  <system-out/>
  <testcase classname="com.sgtesting.tests.CreateCustomerAndDeleteCustomerScanario" name="login" time="5.355"/>
  <system-out/>
  <testcase classname="com.sgtesting.tests.CreateCustomerAndDeleteCustomerScanario" name="minimizeFlyOutWindow" time="2.116"/>
  <system-out/>
  <testcase classname="com.sgtesting.tests.CreateCustomerAndDeleteCustomerScanario" name="createCustomer" time="20.857"/>
  <system-out/>
  <testcase classname="com.sgtesting.tests.CreateCustomerAndDeleteCustomerScanario" name="deleteCustomer" time="25.419"/>
  <system-out/>
  <testcase classname="com.sgtesting.tests.CreateCustomerAndDeleteCustomerScanario" name="logout" time="2.252"/>
  <system-out/>
  <testcase classname="com.sgtesting.tests.CreateCustomerAndDeleteCustomerScanario" name="closeApplication" time="0.276"/>
  <system-out/>
</testsuite> <!-- com.sgtesting.tests.CreateCustomerAndDeleteCustomerScanario -->
