<?xml version="1.0" encoding="UTF-8"?>
<!-- Generated by org.testng.reporters.JUnitReportReporter -->
<testsuite hostname="LAPTOP-RERLQ593" failures="0" tests="30" name="com.sgtesting.tests.AdvanceAssignment8InScenario" time="213.334" errors="0" timestamp="2023-12-18T17:44:50 IST" skipped="0">
  <testcase classname="com.sgtesting.tests.AdvanceAssignment8InScenario" name="launchBrowser" time="1.188"/>
  <system-out/>
  <testcase classname="com.sgtesting.tests.AdvanceAssignment8InScenario" name="navigateBrowser" time="0.608"/>
  <system-out/>
  <testcase classname="com.sgtesting.tests.AdvanceAssignment8InScenario" name="login" time="5.354"/>
  <system-out/>
  <testcase classname="com.sgtesting.tests.AdvanceAssignment8InScenario" name="minimizeFlyOutWindow" time="2.108"/>
  <system-out/>
  <testcase classname="com.sgtesting.tests.AdvanceAssignment8InScenario" name="createUser" time="45.173"/>
  <system-out/>
  <testcase classname="com.sgtesting.tests.AdvanceAssignment8InScenario" name="logout" time="2.247"/>
  <system-out/>
  <testcase classname="com.sgtesting.tests.AdvanceAssignment8InScenario" name="loginUser1" time="5.263"/>
  <system-out/>
  <testcase classname="com.sgtesting.tests.AdvanceAssignment8InScenario" name="StartExploreActiTimeuser1" time="0.124"/>
  <system-out/>
  <testcase classname="com.sgtesting.tests.AdvanceAssignment8InScenario" name="logoutUser1" time="6.192"/>
  <system-out/>
  <testcase classname="com.sgtesting.tests.AdvanceAssignment8InScenario" name="loginUser2" time="5.254"/>
  <system-out/>
  <testcase classname="com.sgtesting.tests.AdvanceAssignment8InScenario" name="StartExploreActiTimeuser2" time="0.103"/>
  <system-out/>
  <testcase classname="com.sgtesting.tests.AdvanceAssignment8InScenario" name="logoutUser2" time="6.186"/>
  <system-out/>
  <testcase classname="com.sgtesting.tests.AdvanceAssignment8InScenario" name="loginUser3" time="5.262"/>
  <system-out/>
  <testcase classname="com.sgtesting.tests.AdvanceAssignment8InScenario" name="StartExploreActiTimeuser3" time="0.116"/>
  <system-out/>
  <testcase classname="com.sgtesting.tests.AdvanceAssignment8InScenario" name="logoutUser3" time="6.169"/>
  <system-out/>
  <testcase classname="com.sgtesting.tests.AdvanceAssignment8InScenario" name="loginAsAdmin" time="5.268"/>
  <system-out/>
  <testcase classname="com.sgtesting.tests.AdvanceAssignment8InScenario" name="adminUser" time="3.454"/>
  <system-out/>
  <testcase classname="com.sgtesting.tests.AdvanceAssignment8InScenario" name="modifyUser" time="43.340"/>
  <system-out/>
  <testcase classname="com.sgtesting.tests.AdvanceAssignment8InScenario" name="modifylogout" time="5.281"/>
  <system-out/>
  <testcase classname="com.sgtesting.tests.AdvanceAssignment8InScenario" name="modifyloginUser1" time="5.256"/>
  <system-out/>
  <testcase classname="com.sgtesting.tests.AdvanceAssignment8InScenario" name="modifyuser1logout" time="5.203"/>
  <system-out/>
  <testcase classname="com.sgtesting.tests.AdvanceAssignment8InScenario" name="modifyloginUser2" time="5.313"/>
  <system-out/>
  <testcase classname="com.sgtesting.tests.AdvanceAssignment8InScenario" name="modifyuser2logout" time="5.215"/>
  <system-out/>
  <testcase classname="com.sgtesting.tests.AdvanceAssignment8InScenario" name="modifyloginUser3" time="5.279"/>
  <system-out/>
  <testcase classname="com.sgtesting.tests.AdvanceAssignment8InScenario" name="modifyuser3logout" time="5.203"/>
  <system-out/>
  <testcase classname="com.sgtesting.tests.AdvanceAssignment8InScenario" name="loginAsAdminAfterModify" time="5.268"/>
  <system-out/>
  <testcase classname="com.sgtesting.tests.AdvanceAssignment8InScenario" name="adminUserAfterModify" time="3.730"/>
  <system-out/>
  <testcase classname="com.sgtesting.tests.AdvanceAssignment8InScenario" name="deleteUsers" time="21.590"/>
  <system-out/>
  <testcase classname="com.sgtesting.tests.AdvanceAssignment8InScenario" name="endlogout" time="2.231"/>
  <system-out/>
  <testcase classname="com.sgtesting.tests.AdvanceAssignment8InScenario" name="closeApplication" time="0.356"/>
  <system-out/>
</testsuite> <!-- com.sgtesting.tests.AdvanceAssignment8InScenario -->
