<?xml version="1.0" encoding="UTF-8"?>
<!-- Generated by org.testng.reporters.JUnitReportReporter -->
<testsuite hostname="LAPTOP-RERLQ593" failures="0" tests="42" name="com.sgtesting.tests.AdvanceAssignment9InScenario" time="293.259" errors="0" timestamp="2023-12-18T17:44:50 IST" skipped="0">
  <testcase classname="com.sgtesting.tests.AdvanceAssignment9InScenario" name="launchBrowser" time="1.225"/>
  <system-out/>
  <testcase classname="com.sgtesting.tests.AdvanceAssignment9InScenario" name="navigateBrowser" time="0.641"/>
  <system-out/>
  <testcase classname="com.sgtesting.tests.AdvanceAssignment9InScenario" name="login" time="5.354"/>
  <system-out/>
  <testcase classname="com.sgtesting.tests.AdvanceAssignment9InScenario" name="minimizeFlyOutWindow" time="2.101"/>
  <system-out/>
  <testcase classname="com.sgtesting.tests.AdvanceAssignment9InScenario" name="createUser1" time="21.918"/>
  <system-out/>
  <testcase classname="com.sgtesting.tests.AdvanceAssignment9InScenario" name="logoutadmin" time="2.245"/>
  <system-out/>
  <testcase classname="com.sgtesting.tests.AdvanceAssignment9InScenario" name="loginUser1" time="5.277"/>
  <system-out/>
  <testcase classname="com.sgtesting.tests.AdvanceAssignment9InScenario" name="StartExploreActiTimeuser1" time="0.121"/>
  <system-out/>
  <testcase classname="com.sgtesting.tests.AdvanceAssignment9InScenario" name="createUser2" time="22.111"/>
  <system-out/>
  <testcase classname="com.sgtesting.tests.AdvanceAssignment9InScenario" name="logoutUser1" time="5.237"/>
  <system-out/>
  <testcase classname="com.sgtesting.tests.AdvanceAssignment9InScenario" name="loginUser2" time="5.251"/>
  <system-out/>
  <testcase classname="com.sgtesting.tests.AdvanceAssignment9InScenario" name="StartExploreActiTimeuser2" time="0.118"/>
  <system-out/>
  <testcase classname="com.sgtesting.tests.AdvanceAssignment9InScenario" name="createUser3" time="22.044"/>
  <system-out/>
  <testcase classname="com.sgtesting.tests.AdvanceAssignment9InScenario" name="logoutUser2" time="5.224"/>
  <system-out/>
  <testcase classname="com.sgtesting.tests.AdvanceAssignment9InScenario" name="loginUser3" time="5.266"/>
  <system-out/>
  <testcase classname="com.sgtesting.tests.AdvanceAssignment9InScenario" name="StartExploreActiTimeuser3" time="0.104"/>
  <system-out/>
  <testcase classname="com.sgtesting.tests.AdvanceAssignment9InScenario" name="logoutUser3" time="6.175"/>
  <system-out/>
  <testcase classname="com.sgtesting.tests.AdvanceAssignment9InScenario" name="loginUser2ForModifyUser3" time="5.247"/>
  <system-out/>
  <testcase classname="com.sgtesting.tests.AdvanceAssignment9InScenario" name="modifyPasswordForUser3" time="17.830"/>
  <system-out/>
  <testcase classname="com.sgtesting.tests.AdvanceAssignment9InScenario" name="logoutUser2AfterModification" time="5.251"/>
  <system-out/>
  <testcase classname="com.sgtesting.tests.AdvanceAssignment9InScenario" name="loginUser3AfterModification" time="5.262"/>
  <system-out/>
  <testcase classname="com.sgtesting.tests.AdvanceAssignment9InScenario" name="logoutUser3AfterModification" time="5.207"/>
  <system-out/>
  <testcase classname="com.sgtesting.tests.AdvanceAssignment9InScenario" name="loginUser1ForModifyUser2" time="5.247"/>
  <system-out/>
  <testcase classname="com.sgtesting.tests.AdvanceAssignment9InScenario" name="modifyPasswordForUser2" time="17.807"/>
  <system-out/>
  <testcase classname="com.sgtesting.tests.AdvanceAssignment9InScenario" name="logoutUser1AfterModification" time="5.238"/>
  <system-out/>
  <testcase classname="com.sgtesting.tests.AdvanceAssignment9InScenario" name="loginUser2AfterModification" time="5.267"/>
  <system-out/>
  <testcase classname="com.sgtesting.tests.AdvanceAssignment9InScenario" name="logoutUser2AfterNextModification" time="5.203"/>
  <system-out/>
  <testcase classname="com.sgtesting.tests.AdvanceAssignment9InScenario" name="loginAdmin" time="5.259"/>
  <system-out/>
  <testcase classname="com.sgtesting.tests.AdvanceAssignment9InScenario" name="modifyPasswordForUser1" time="17.756"/>
  <system-out/>
  <testcase classname="com.sgtesting.tests.AdvanceAssignment9InScenario" name="logoutUser1AfterAdminModify" time="5.247"/>
  <system-out/>
  <testcase classname="com.sgtesting.tests.AdvanceAssignment9InScenario" name="loginAsUser1AfterModification" time="5.253"/>
  <system-out/>
  <testcase classname="com.sgtesting.tests.AdvanceAssignment9InScenario" name="logoutAsUser1AfterModification" time="5.204"/>
  <system-out/>
  <testcase classname="com.sgtesting.tests.AdvanceAssignment9InScenario" name="loginAsUser2last" time="5.263"/>
  <system-out/>
  <testcase classname="com.sgtesting.tests.AdvanceAssignment9InScenario" name="DeleteUser3" time="11.547"/>
  <system-out/>
  <testcase classname="com.sgtesting.tests.AdvanceAssignment9InScenario" name="logoutuser2" time="5.235"/>
  <system-out/>
  <testcase classname="com.sgtesting.tests.AdvanceAssignment9InScenario" name="loginAsUser1last" time="5.274"/>
  <system-out/>
  <testcase classname="com.sgtesting.tests.AdvanceAssignment9InScenario" name="DeleteUser2" time="11.536"/>
  <system-out/>
  <testcase classname="com.sgtesting.tests.AdvanceAssignment9InScenario" name="logoutuser1" time="5.219"/>
  <system-out/>
  <testcase classname="com.sgtesting.tests.AdvanceAssignment9InScenario" name="loginlastAdmin" time="5.259"/>
  <system-out/>
  <testcase classname="com.sgtesting.tests.AdvanceAssignment9InScenario" name="DeleteUser1" time="11.590"/>
  <system-out/>
  <testcase classname="com.sgtesting.tests.AdvanceAssignment9InScenario" name="logoutlastuser1" time="5.234"/>
  <system-out/>
  <testcase classname="com.sgtesting.tests.AdvanceAssignment9InScenario" name="closeApplication" time="0.412"/>
  <system-out/>
</testsuite> <!-- com.sgtesting.tests.AdvanceAssignment9InScenario -->
