<?xml version="1.0" encoding="UTF-8"?>
<!-- Generated by org.testng.reporters.JUnitReportReporter -->
<testsuite hostname="LAPTOP-RERLQ593" failures="0" tests="6" name="com.sgtesting.tests.LoginLogoutScenario" time="11.717" errors="0" timestamp="2023-12-14T12:10:21 IST" skipped="0">
  <testcase classname="com.sgtesting.tests.LoginLogoutScenario" name="launchBrowser" time="1.583"/>
  <system-out/>
  <testcase classname="com.sgtesting.tests.LoginLogoutScenario" name="navigate" time="0.498"/>
  <system-out/>
  <testcase classname="com.sgtesting.tests.LoginLogoutScenario" name="login" time="5.255"/>
  <system-out/>
  <testcase classname="com.sgtesting.tests.LoginLogoutScenario" name="minimizeFlyOutWindow" time="2.096"/>
  <system-out/>
  <testcase classname="com.sgtesting.tests.LoginLogoutScenario" name="logout" time="2.152"/>
  <system-out/>
  <testcase classname="com.sgtesting.tests.LoginLogoutScenario" name="closeApplication" time="0.133"/>
  <system-out/>
</testsuite> <!-- com.sgtesting.tests.LoginLogoutScenario -->
