<?xml version="1.0" encoding="UTF-8"?>
<!-- Generated by org.testng.reporters.JUnitReportReporter -->
<testsuite hostname="LAPTOP-RERLQ593" failures="0" tests="8" name="com.sgtesting.tests.CreateAndDeleteUserScanario" time="45.615" errors="0" timestamp="2023-12-18T17:44:50 IST" skipped="0">
  <testcase classname="com.sgtesting.tests.CreateAndDeleteUserScanario" name="launchBrowser" time="1.168"/>
  <system-out/>
  <testcase classname="com.sgtesting.tests.CreateAndDeleteUserScanario" name="navigateBrowser" time="0.634"/>
  <system-out/>
  <testcase classname="com.sgtesting.tests.CreateAndDeleteUserScanario" name="login" time="5.368"/>
  <system-out/>
  <testcase classname="com.sgtesting.tests.CreateAndDeleteUserScanario" name="minimizeFlyOutWindow" time="2.115"/>
  <system-out/>
  <testcase classname="com.sgtesting.tests.CreateAndDeleteUserScanario" name="createUser" time="21.573"/>
  <system-out/>
  <testcase classname="com.sgtesting.tests.CreateAndDeleteUserScanario" name="deleteCustomer" time="12.223"/>
  <system-out/>
  <testcase classname="com.sgtesting.tests.CreateAndDeleteUserScanario" name="logout" time="2.244"/>
  <system-out/>
  <testcase classname="com.sgtesting.tests.CreateAndDeleteUserScanario" name="closeApplication" time="0.290"/>
  <system-out/>
</testsuite> <!-- com.sgtesting.tests.CreateAndDeleteUserScanario -->
