<?xml version="1.0" encoding="UTF-8"?>
<!-- Generated by org.testng.reporters.JUnitReportReporter -->
<testsuite hostname="LAPTOP-RERLQ593" failures="0" tests="11" name="com.sgtesting.tests.CreateCustomerCreateProjectModifyProjectDeleteProjectCreateProject" time="120.480" errors="0" timestamp="2023-12-18T17:44:50 IST" skipped="0">
  <testcase classname="com.sgtesting.tests.CreateCustomerCreateProjectModifyProjectDeleteProjectCreateProject" name="launchBrowser" time="2.014"/>
  <system-out/>
  <testcase classname="com.sgtesting.tests.CreateCustomerCreateProjectModifyProjectDeleteProjectCreateProject" name="navigateBrowser" time="0.631"/>
  <system-out/>
  <testcase classname="com.sgtesting.tests.CreateCustomerCreateProjectModifyProjectDeleteProjectCreateProject" name="login" time="5.327"/>
  <system-out/>
  <testcase classname="com.sgtesting.tests.CreateCustomerCreateProjectModifyProjectDeleteProjectCreateProject" name="minimizeFlyOutWindow" time="2.128"/>
  <system-out/>
  <testcase classname="com.sgtesting.tests.CreateCustomerCreateProjectModifyProjectDeleteProjectCreateProject" name="createCustomer" time="20.904"/>
  <system-out/>
  <testcase classname="com.sgtesting.tests.CreateCustomerCreateProjectModifyProjectDeleteProjectCreateProject" name="createProject" time="15.542"/>
  <system-out/>
  <testcase classname="com.sgtesting.tests.CreateCustomerCreateProjectModifyProjectDeleteProjectCreateProject" name="modifyProject" time="20.418"/>
  <system-out/>
  <testcase classname="com.sgtesting.tests.CreateCustomerCreateProjectModifyProjectDeleteProjectCreateProject" name="deleteProject" time="25.426"/>
  <system-out/>
  <testcase classname="com.sgtesting.tests.CreateCustomerCreateProjectModifyProjectDeleteProjectCreateProject" name="deleteCustomer" time="25.448"/>
  <system-out/>
  <testcase classname="com.sgtesting.tests.CreateCustomerCreateProjectModifyProjectDeleteProjectCreateProject" name="logout" time="2.310"/>
  <system-out/>
  <testcase classname="com.sgtesting.tests.CreateCustomerCreateProjectModifyProjectDeleteProjectCreateProject" name="closeApplication" time="0.332"/>
  <system-out/>
</testsuite> <!-- com.sgtesting.tests.CreateCustomerCreateProjectModifyProjectDeleteProjectCreateProject -->
