<?xml version="1.0" encoding="UTF-8"?>
<!-- Generated by org.testng.reporters.JUnitReportReporter -->
<testsuite hostname="LAPTOP-RERLQ593" failures="0" tests="7" name="com.sgtesting.tests.CreateUserScanario" time="31.898" errors="0" timestamp="2023-12-14T12:10:21 IST" skipped="0">
  <testcase classname="com.sgtesting.tests.CreateUserScanario" name="launchBrowser" time="0.876"/>
  <system-out/>
  <testcase classname="com.sgtesting.tests.CreateUserScanario" name="navigateBrowser" time="0.486"/>
  <system-out/>
  <testcase classname="com.sgtesting.tests.CreateUserScanario" name="login" time="5.225"/>
  <system-out/>
  <testcase classname="com.sgtesting.tests.CreateUserScanario" name="minimizeFlyOutWindow" time="2.085"/>
  <system-out/>
  <testcase classname="com.sgtesting.tests.CreateUserScanario" name="createUser" time="20.927"/>
  <system-out/>
  <testcase classname="com.sgtesting.tests.CreateUserScanario" name="logout" time="2.165"/>
  <system-out/>
  <testcase classname="com.sgtesting.tests.CreateUserScanario" name="closeApplication" time="0.134"/>
  <system-out/>
</testsuite> <!-- com.sgtesting.tests.CreateUserScanario -->
