<?xml version="1.0" encoding="UTF-8"?>
<!-- Generated by org.testng.reporters.JUnitReportReporter -->
<testsuite hostname="LAPTOP-RERLQ593" failures="0" tests="8" name="com.sgtesting.tests.DeleteUserScanario" time="47.611" errors="0" timestamp="2023-12-11T20:13:24 IST" skipped="0">
  <testcase classname="com.sgtesting.tests.DeleteUserScanario" name="launchBrowser" time="6.368"/>
  <system-out/>
  <testcase classname="com.sgtesting.tests.DeleteUserScanario" name="navigateBrowser" time="0.665"/>
  <system-out/>
  <testcase classname="com.sgtesting.tests.DeleteUserScanario" name="login" time="5.381"/>
  <system-out/>
  <testcase classname="com.sgtesting.tests.DeleteUserScanario" name="minimizeFlyOutWindow" time="2.119"/>
  <system-out/>
  <testcase classname="com.sgtesting.tests.DeleteUserScanario" name="createUser" time="21.496"/>
  <system-out/>
  <testcase classname="com.sgtesting.tests.DeleteUserScanario" name="deleteCustomer" time="10.222"/>
  <system-out/>
  <testcase classname="com.sgtesting.tests.DeleteUserScanario" name="logout" time="1.101"/>
  <system-out/>
  <testcase classname="com.sgtesting.tests.DeleteUserScanario" name="closeApplication" time="0.259"/>
  <system-out/>
</testsuite> <!-- com.sgtesting.tests.DeleteUserScanario -->
