<?xml version="1.0" encoding="UTF-8"?>
<!-- Generated by org.testng.reporters.JUnitReportReporter -->
<testsuite hostname="LAPTOP-RERLQ593" failures="0" tests="10" name="com.sgtesting.tests.CreateCustomerCreateProjectDeleteProjectCreateProject" time="99.225" errors="0" timestamp="2023-12-18T17:44:50 IST" skipped="0">
  <testcase classname="com.sgtesting.tests.CreateCustomerCreateProjectDeleteProjectCreateProject" name="launchBrowser" time="1.175"/>
  <system-out/>
  <testcase classname="com.sgtesting.tests.CreateCustomerCreateProjectDeleteProjectCreateProject" name="navigateBrowser" time="0.683"/>
  <system-out/>
  <testcase classname="com.sgtesting.tests.CreateCustomerCreateProjectDeleteProjectCreateProject" name="login" time="5.377"/>
  <system-out/>
  <testcase classname="com.sgtesting.tests.CreateCustomerCreateProjectDeleteProjectCreateProject" name="minimizeFlyOutWindow" time="2.113"/>
  <system-out/>
  <testcase classname="com.sgtesting.tests.CreateCustomerCreateProjectDeleteProjectCreateProject" name="createCustomer" time="20.873"/>
  <system-out/>
  <testcase classname="com.sgtesting.tests.CreateCustomerCreateProjectDeleteProjectCreateProject" name="createProject" time="15.515"/>
  <system-out/>
  <testcase classname="com.sgtesting.tests.CreateCustomerCreateProjectDeleteProjectCreateProject" name="deleteProject" time="25.477"/>
  <system-out/>
  <testcase classname="com.sgtesting.tests.CreateCustomerCreateProjectDeleteProjectCreateProject" name="deleteCustomer" time="25.423"/>
  <system-out/>
  <testcase classname="com.sgtesting.tests.CreateCustomerCreateProjectDeleteProjectCreateProject" name="logout" time="2.270"/>
  <system-out/>
  <testcase classname="com.sgtesting.tests.CreateCustomerCreateProjectDeleteProjectCreateProject" name="closeApplication" time="0.319"/>
  <system-out/>
</testsuite> <!-- com.sgtesting.tests.CreateCustomerCreateProjectDeleteProjectCreateProject -->
