<?xml version="1.0" encoding="UTF-8"?>
<!-- Generated by org.testng.reporters.JUnitReportReporter -->
<testsuite hostname="LAPTOP-RERLQ593" failures="0" tests="9" name="com.sgtesting.tests.CreatecustomerAndModifyCustomerAndDeleteCustomerDemo" time="78.651" errors="0" timestamp="2023-12-18T17:44:50 IST" skipped="0">
  <testcase classname="com.sgtesting.tests.CreatecustomerAndModifyCustomerAndDeleteCustomerDemo" name="launchBrowser" time="1.268"/>
  <system-out/>
  <testcase classname="com.sgtesting.tests.CreatecustomerAndModifyCustomerAndDeleteCustomerDemo" name="navigateBrowser" time="0.615"/>
  <system-out/>
  <testcase classname="com.sgtesting.tests.CreatecustomerAndModifyCustomerAndDeleteCustomerDemo" name="login" time="5.371"/>
  <system-out/>
  <testcase classname="com.sgtesting.tests.CreatecustomerAndModifyCustomerAndDeleteCustomerDemo" name="minimizeFlyOutWindow" time="2.108"/>
  <system-out/>
  <testcase classname="com.sgtesting.tests.CreatecustomerAndModifyCustomerAndDeleteCustomerDemo" name="createCustomer" time="20.901"/>
  <system-out/>
  <testcase classname="com.sgtesting.tests.CreatecustomerAndModifyCustomerAndDeleteCustomerDemo" name="modifyCustomer" time="20.364"/>
  <system-out/>
  <testcase classname="com.sgtesting.tests.CreatecustomerAndModifyCustomerAndDeleteCustomerDemo" name="deleteCustomer" time="25.435"/>
  <system-out/>
  <testcase classname="com.sgtesting.tests.CreatecustomerAndModifyCustomerAndDeleteCustomerDemo" name="logout" time="2.272"/>
  <system-out/>
  <testcase classname="com.sgtesting.tests.CreatecustomerAndModifyCustomerAndDeleteCustomerDemo" name="closeApplication" time="0.317"/>
  <system-out/>
</testsuite> <!-- com.sgtesting.tests.CreatecustomerAndModifyCustomerAndDeleteCustomerDemo -->
