<?xml version="1.0" encoding="UTF-8"?>
<!-- Generated by org.testng.reporters.JUnitReportReporter -->
<testsuite hostname="LAPTOP-RERLQ593" failures="0" tests="12" name="com.sgtesting.tests.CreateCustomerCreateProjecCreateTaskDeleteTaskDeleteProjectCreateProject" time="111.903" errors="0" timestamp="2023-12-18T17:44:50 IST" skipped="0">
  <testcase classname="com.sgtesting.tests.CreateCustomerCreateProjecCreateTaskDeleteTaskDeleteProjectCreateProject" name="launchBrowser" time="1.226"/>
  <system-out/>
  <testcase classname="com.sgtesting.tests.CreateCustomerCreateProjecCreateTaskDeleteTaskDeleteProjectCreateProject" name="navigateBrowser" time="0.599"/>
  <system-out/>
  <testcase classname="com.sgtesting.tests.CreateCustomerCreateProjecCreateTaskDeleteTaskDeleteProjectCreateProject" name="login" time="5.366"/>
  <system-out/>
  <testcase classname="com.sgtesting.tests.CreateCustomerCreateProjecCreateTaskDeleteTaskDeleteProjectCreateProject" name="minimizeFlyOutWindow" time="2.121"/>
  <system-out/>
  <testcase classname="com.sgtesting.tests.CreateCustomerCreateProjecCreateTaskDeleteTaskDeleteProjectCreateProject" name="createCustomer" time="20.865"/>
  <system-out/>
  <testcase classname="com.sgtesting.tests.CreateCustomerCreateProjecCreateTaskDeleteTaskDeleteProjectCreateProject" name="createProject" time="15.511"/>
  <system-out/>
  <testcase classname="com.sgtesting.tests.CreateCustomerCreateProjecCreateTaskDeleteTaskDeleteProjectCreateProject" name="createTask" time="6.409"/>
  <system-out/>
  <testcase classname="com.sgtesting.tests.CreateCustomerCreateProjecCreateTaskDeleteTaskDeleteProjectCreateProject" name="deleteTask" time="6.352"/>
  <system-out/>
  <testcase classname="com.sgtesting.tests.CreateCustomerCreateProjecCreateTaskDeleteTaskDeleteProjectCreateProject" name="deleteProject" time="25.456"/>
  <system-out/>
  <testcase classname="com.sgtesting.tests.CreateCustomerCreateProjecCreateTaskDeleteTaskDeleteProjectCreateProject" name="deleteCustomer" time="25.429"/>
  <system-out/>
  <testcase classname="com.sgtesting.tests.CreateCustomerCreateProjecCreateTaskDeleteTaskDeleteProjectCreateProject" name="logout" time="2.295"/>
  <system-out/>
  <testcase classname="com.sgtesting.tests.CreateCustomerCreateProjecCreateTaskDeleteTaskDeleteProjectCreateProject" name="closeApplication" time="0.274"/>
  <system-out/>
</testsuite> <!-- com.sgtesting.tests.CreateCustomerCreateProjecCreateTaskDeleteTaskDeleteProjectCreateProject -->
